TN:
SF:src/App.jsx
FN:7,App
FNF:1
FNH:1
FNDA:1,App
DA:1,1
DA:2,1
DA:3,1
DA:4,1
DA:5,1
DA:6,1
DA:7,1
DA:8,1
DA:9,1
DA:10,1
DA:11,1
DA:12,1
DA:13,1
DA:14,1
DA:15,1
DA:16,1
DA:17,1
DA:18,1
DA:19,1
DA:20,1
LF:20
LH:20
BRDA:7,0,0,1
BRF:1
BRH:1
end_of_record
TN:
SF:src/routes.jsx
FN:6,NoMatch
FN:8,routes
FNF:2
FNH:1
FNDA:0,NoMatch
FNDA:1,routes
DA:1,1
DA:2,1
DA:3,1
DA:4,1
DA:5,1
DA:6,1
DA:7,1
DA:8,1
DA:9,1
DA:10,1
DA:11,1
DA:12,1
DA:13,1
DA:14,1
DA:15,1
DA:16,1
DA:17,1
DA:18,1
DA:19,1
DA:20,1
LF:20
LH:20
BRDA:8,0,0,1
BRF:1
BRH:1
end_of_record
TN:
SF:src/components/ClientPage.jsx
FN:6,SingleClient
FN:11,_callee
FN:11,_callee$
FN:11,getClient
FNF:4
FNH:4
FNDA:2,SingleClient
FNDA:1,_callee
FNDA:4,_callee$
FNDA:1,getClient
DA:1,1
DA:2,1
DA:3,1
DA:4,1
DA:5,1
DA:6,2
DA:7,2
DA:8,2
DA:9,2
DA:10,2
DA:11,1
DA:12,1
DA:13,1
DA:14,1
DA:15,1
DA:16,1
DA:17,1
DA:18,1
DA:19,2
DA:20,2
DA:21,2
DA:22,2
DA:23,2
DA:24,2
DA:25,2
DA:26,2
DA:27,2
DA:28,2
DA:29,2
DA:30,2
DA:31,0
DA:32,2
DA:33,2
DA:34,2
DA:35,2
DA:36,2
DA:37,2
DA:38,2
DA:39,0
DA:40,2
DA:41,2
DA:42,2
DA:43,2
DA:44,2
DA:45,1
DA:46,1
LF:46
LH:44
BRDA:6,0,0,2
BRDA:30,1,0,0
BRDA:30,2,0,1
BRDA:30,3,0,0
BRDA:38,4,0,0
BRDA:38,5,0,1
BRDA:38,6,0,0
BRDA:10,7,0,1
BRDA:11,8,0,1
BRDA:11,9,0,1
BRDA:11,10,0,4
BRDA:11,11,0,1
BRDA:11,12,0,1
BRDA:11,13,0,1
BRDA:11,14,0,0
BRDA:11,15,0,1
BRDA:11,16,0,1
BRDA:18,17,0,1
BRF:18
BRH:13
end_of_record
TN:
SF:src/components/Clients.jsx
FN:5,Clients
FNF:1
FNH:1
FNDA:2,Clients
DA:1,1
DA:2,1
DA:3,1
DA:4,1
DA:5,1
DA:6,2
DA:7,2
DA:8,2
DA:9,1
DA:10,1
DA:11,1
DA:12,1
DA:13,1
DA:14,2
DA:15,2
DA:16,2
DA:17,1
DA:18,1
DA:19,1
DA:20,1
DA:21,1
DA:22,1
DA:23,1
DA:24,1
DA:25,1
DA:26,1
DA:27,1
LF:27
LH:27
BRDA:5,0,0,2
BRDA:16,1,0,1
BRDA:8,2,0,1
BRDA:10,3,0,1
BRDA:22,4,0,1
BRF:5
BRH:5
end_of_record
TN:
SF:src/components/Header.jsx
FN:3,Header
FNF:1
FNH:1
FNDA:2,Header
DA:1,1
DA:2,1
DA:3,2
DA:4,2
DA:5,2
DA:6,2
DA:7,2
DA:8,2
DA:9,2
DA:10,1
DA:11,1
LF:11
LH:11
BRDA:3,0,0,2
BRF:1
BRH:1
end_of_record
TN:
SF:src/requests/client.js
FN:8,_callee
FN:8,_callee$
FN:8,getClients
FNF:3
FNH:3
FNDA:1,_callee
FNDA:4,_callee$
FNDA:1,getClients
DA:1,1
DA:2,1
DA:3,1
DA:4,1
DA:5,1
DA:6,1
DA:7,1
DA:8,1
DA:9,1
DA:10,1
DA:11,1
DA:12,1
DA:13,1
DA:14,1
DA:15,1
DA:16,1
DA:17,1
DA:18,1
DA:19,1
LF:19
LH:19
BRDA:8,0,0,1
BRDA:8,1,0,1
BRDA:8,2,0,4
BRDA:8,3,0,1
BRDA:8,4,0,1
BRDA:8,5,0,1
BRDA:8,6,0,0
BRDA:8,7,0,1
BRDA:8,8,0,1
BRF:9
BRH:8
end_of_record
